<?xml version="1.0" encoding="UTF-8"?>
<!-- Generated by org.testng.reporters.JUnitReportReporter -->
<testsuite hostname="DESKTOP-68OQ1K7" failures="0" tests="1" name="MavenProjectExample.ReadingFromCommandLineTest" time="0.016" errors="0" timestamp="2022-05-09T15:34:02 IST" skipped="0">
  <testcase classname="MavenProjectExample.ReadingFromCommandLineTest" name="ReadingDataTest" time="0.016"/>
  <system-out/>
</testsuite> <!-- MavenProjectExample.ReadingFromCommandLineTest -->
