<?xml version="1.0" encoding="UTF-8"?>
<!-- Generated by org.testng.reporters.JUnitReportReporter -->
<testsuite hostname="DESKTOP-68OQ1K7" failures="0" tests="1" name="MavenProjectExample.CreateUserTest" time="0.040" errors="0" timestamp="09 May 2022 09:03:44 GMT" skipped="0">
  <testcase classname="MavenProjectExample.CreateUserTest" name="createUser" time="0.040"/>
</testsuite> <!-- MavenProjectExample.CreateUserTest -->
